                :-) GROMACS - gmx mdrun, 2024.2-plumed_2.9.2 (-:

Copyright 1991-2024 The GROMACS Authors.
GROMACS is free software; you can redistribute it and/or modify it
under the terms of the GNU Lesser General Public License
as published by the Free Software Foundation; either version 2.1
of the License, or (at your option) any later version.

                         Current GROMACS contributors:
       Mark Abraham           Andrey Alekseenko           Vladimir Basov      
      Cathrine Bergh            Eliane Briand               Ania Brown        
      Mahesh Doijade            Giacomo Fiorin          Stefan Fleischmann    
      Sergey Gorelov         Gilles Gouaillardet            Alan Gray         
     M. Eric Irrgang         Farzaneh Jalalypour            Joe Jordan        
     Carsten Kutzner           Justin A. Lemkul          Magnus Lundborg      
       Pascal Merz              Vedran Miletic            Dmitry Morozov      
       Julien Nabet              Szilard Pall        Andrea Pasquadibisceglie 
    Michele Pellegrino          Hubert Santuz             Roland Schulz       
     Tatiana Shugaeva          Alexey Shvetsov            Philip Turner       
     Alessandra Villa      Sebastian Wingbermuehle  

                         Previous GROMACS contributors:
        Emile Apol             Rossen Apostolov           James Barnett       
        Paul Bauer          Herman J.C. Berendsen          Par Bjelkmar       
      Christian Blau          Viacheslav Bolnykh            Kevin Boyd        
    Aldert van Buuren          Carlo Camilloni           Rudi van Drunen      
      Anton Feenstra           Oliver Fleetwood            Vytas Gapsys       
       Gaurav Garg             Gerrit Groenhof            Bert de Groot       
      Anca Hamuraru           Vincent Hindriksen          Victor Holanda      
     Aleksei Iupinov          Christoph Junghans        Prashanth Kanduri     
   Dimitrios Karkoulis           Peter Kasson             Sebastian Kehl      
     Sebastian Keller             Jiri Kraus               Per Larsson        
      Viveca Lindahl            Erik Marklund           Pieter Meulenhoff     
      Teemu Murtola              Sander Pronk             Michael Shirts      
      Alfons Sijbers            Balint Soproni         David van der Spoel    
      Peter Tieleman            Carsten Uphoff             Jon Vincent        
     Teemu Virolainen         Christian Wennberg           Maarten Wolf       
      Artem Zhmurov       

                  Coordinated by the GROMACS project leaders:
                           Berk Hess and Erik Lindahl

GROMACS:      gmx mdrun, version 2024.2-plumed_2.9.2
Executable:   /leonardo/prod/spack/06/install/0.22/linux-rhel8-icelake/gcc-12.2.0/gromacs-2024.2-r6xn3w5gl6nqzx6axslapoppq5aqek5g/bin/gmx_mpi
Data prefix:  /leonardo/prod/spack/06/install/0.22/linux-rhel8-icelake/gcc-12.2.0/gromacs-2024.2-r6xn3w5gl6nqzx6axslapoppq5aqek5g
Working dir:  /leonardo_scratch/large/userexternal/fspiga00/ICTP_MPS/water-cut1.0_GMX50_bare/large.A
Process ID:   1070154
Command line:
  gmx_mpi mdrun -ntomp 4 -noconfout -nsteps 16000 -nstlist 300 -nb gpu -update gpu -pme gpu -npme 1 -dlb no -v

GROMACS version:     2024.2-plumed_2.9.2
Precision:           mixed
Memory model:        64 bit
MPI library:         MPI (GPU-aware: CUDA)
MPI library version: Open MPI v4.1.6, package: Open MPI propro01@lrdn0769 Distribution, ident: 4.1.6, repo rev: v4.1.6, Sep 30, 2023
OpenMP support:      enabled (GMX_OPENMP_MAX_THREADS = 128)
GPU support:         CUDA
NBNxM GPU setup:     super-cluster 2x2x2 / cluster 8
SIMD instructions:   AVX_512
CPU FFT library:     fftw-3.3.10-sse2-avx-avx2-avx2_128-avx512
GPU FFT library:     cuFFT
Multi-GPU FFT:       none
RDTSCP usage:        enabled
TNG support:         enabled
Hwloc support:       hwloc-2.2.0
Tracing support:     disabled
C compiler:          /leonardo/prod/spack/06/spack_sources/0.22.2_preprod_base/lib/spack/env/gcc/gcc GNU 12.2.0
C compiler flags:    -fexcess-precision=fast -funroll-all-loops -march=skylake-avx512 -Wno-missing-field-initializers -pthread -O3 -DNDEBUG
C++ compiler:        /leonardo/prod/spack/06/spack_sources/0.22.2_preprod_base/lib/spack/env/gcc/g++ GNU 12.2.0
C++ compiler flags:  -fexcess-precision=fast -funroll-all-loops -march=skylake-avx512 -Wno-missing-field-initializers -pthread -Wno-cast-function-type-strict SHELL:-fopenmp -O3 -DNDEBUG
BLAS library:        External - user-supplied
LAPACK library:      External - user-supplied
CUDA compiler:       /leonardo/prod/spack/06/install/0.22/linux-rhel8-icelake/gcc-8.5.0/cuda-12.2.0-o6rr2unwsp4e4av6ukobro6plj7ceeos/bin/nvcc nvcc: NVIDIA (R) Cuda compiler driver;Copyright (c) 2005-2023 NVIDIA Corporation;Built on Tue_Jun_13_19:16:58_PDT_2023;Cuda compilation tools, release 12.2, V12.2.91;Build cuda_12.2.r12.2/compiler.32965470_0
CUDA compiler flags:-std=c++17;--generate-code=arch=compute_50,code=sm_50;--generate-code=arch=compute_52,code=sm_52;--generate-code=arch=compute_60,code=sm_60;--generate-code=arch=compute_61,code=sm_61;--generate-code=arch=compute_70,code=sm_70;--generate-code=arch=compute_75,code=sm_75;--generate-code=arch=compute_80,code=sm_80;--generate-code=arch=compute_86,code=sm_86;--generate-code=arch=compute_89,code=sm_89;--generate-code=arch=compute_90,code=sm_90;-Wno-deprecated-gpu-targets;--generate-code=arch=compute_53,code=sm_53;--generate-code=arch=compute_80,code=sm_80;-use_fast_math;-Xptxas;-warn-double-usage;-Xptxas;-Werror;-D_FORCE_INLINES;-Xcompiler;-fopenmp;-fexcess-precision=fast -funroll-all-loops -march=skylake-avx512 -Wno-missing-field-initializers -pthread -Wno-cast-function-type-strict SHELL:-fopenmp -O3 -DNDEBUG
CUDA driver:         12.10
CUDA runtime:        12.20


Running on 1 node with total 32 cores, 32 processing units, 4 compatible GPUs
Hardware detected on host lrdn0019.leonardo.local (the node of MPI rank 0):
  CPU info:
    Vendor: Intel
    Brand:  Intel(R) Xeon(R) Platinum 8358 CPU @ 2.60GHz
    Family: 6   Model: 106   Stepping: 6
    Features: aes apic avx avx2 avx512f avx512cd avx512bw avx512vl avx512secondFMA clfsh cmov cx8 cx16 f16c fma htt intel lahf mmx msr nonstop_tsc pcid pclmuldq pdcm pdpe1gb popcnt pse rdrnd rdtscp sha sse2 sse3 sse4.1 sse4.2 ssse3 tdt x2apic
    Number of AVX-512 FMA units: 2
  Hardware topology: Full, with devices
    Packages, cores, and logical processors:
    [indices refer to OS logical processors]
      Package  0: [   0] [   1] [   2] [   3] [   4] [   5] [   6] [   7] [   8] [   9] [  10] [  11] [  12] [  13] [  14] [  15] [  16] [  17] [  18] [  19] [  20] [  21] [  22] [  23] [  24] [  25] [  26] [  27] [  28] [  29] [  30] [  31]
    CPU limit set by OS: -1   Recommended max number of threads: 32
    Numa nodes:
      Node  0 (269469347840 bytes mem):   0   1   2   3   4   5   6   7   8   9  10  11  12  13  14  15
      Node  1 (270532288512 bytes mem):  16  17  18  19  20  21  22  23  24  25  26  27  28  29  30  31
      Latency:
               0     1
         0  1.00  1.10
         1  1.10  1.00
    Caches:
      L1: 49152 bytes, linesize 64 bytes, assoc. 12, shared 1 ways
      L2: 1310720 bytes, linesize 64 bytes, assoc. 20, shared 1 ways
      L3: 50331648 bytes, linesize 64 bytes, assoc. 12, shared 32 ways
    PCI devices:
      0000:00:17.0  Id: 8086:a182  Class: 0x0106  Numa: 0
      0000:01:00.0  Id: 8086:1523  Class: 0x0200  Numa: 0
      0000:01:00.1  Id: 8086:1523  Class: 0x0200  Numa: 0
      0000:04:00.0  Id: 1a03:2000  Class: 0x0300  Numa: 0
      0000:1a:00.0  Id: 15b3:101b  Class: 0x0207  Numa: 0
      0000:1d:00.0  Id: 10de:20b3  Class: 0x0302  Numa: 0
      0000:53:00.0  Id: 15b3:101b  Class: 0x0207  Numa: 0
      0000:56:00.0  Id: 10de:20b3  Class: 0x0302  Numa: 0
      0000:8c:00.0  Id: 15b3:101b  Class: 0x0207  Numa: 0
      0000:8f:00.0  Id: 10de:20b3  Class: 0x0302  Numa: 0
      0000:c5:00.0  Id: 15b3:101b  Class: 0x0207  Numa: 0
      0000:c8:00.0  Id: 10de:20b3  Class: 0x0302  Numa: 0
  GPU info:
    Number of GPUs detected: 4
    #0: NVIDIA NVIDIA A100-SXM-64GB, compute cap.: 8.0, ECC: yes, stat: compatible
    #1: NVIDIA NVIDIA A100-SXM-64GB, compute cap.: 8.0, ECC: yes, stat: compatible
    #2: NVIDIA NVIDIA A100-SXM-64GB, compute cap.: 8.0, ECC: yes, stat: compatible
    #3: NVIDIA NVIDIA A100-SXM-64GB, compute cap.: 8.0, ECC: yes, stat: compatible


++++ PLEASE READ AND CITE THE FOLLOWING REFERENCE ++++
M. J. Abraham, T. Murtola, R. Schulz, S. Páll, J. C. Smith, B. Hess, E.
Lindahl
GROMACS: High performance molecular simulations through multi-level
parallelism from laptops to supercomputers
SoftwareX 1 (2015) pp. 19-25
-------- -------- --- Thank You --- -------- --------


++++ PLEASE READ AND CITE THE FOLLOWING REFERENCE ++++
S. Páll, M. J. Abraham, C. Kutzner, B. Hess, E. Lindahl
Tackling Exascale Software Challenges in Molecular Dynamics Simulations with
GROMACS
In S. Markidis & E. Laure (Eds.), Solving Software Challenges for Exascale 8759 (2015) pp. 3-27
-------- -------- --- Thank You --- -------- --------


++++ PLEASE READ AND CITE THE FOLLOWING REFERENCE ++++
S. Pronk, S. Páll, R. Schulz, P. Larsson, P. Bjelkmar, R. Apostolov, M. R.
Shirts, J. C. Smith, P. M. Kasson, D. van der Spoel, B. Hess, and E. Lindahl
GROMACS 4.5: a high-throughput and highly parallel open source molecular
simulation toolkit
Bioinformatics 29 (2013) pp. 845-54
-------- -------- --- Thank You --- -------- --------


++++ PLEASE READ AND CITE THE FOLLOWING REFERENCE ++++
B. Hess and C. Kutzner and D. van der Spoel and E. Lindahl
GROMACS 4: Algorithms for highly efficient, load-balanced, and scalable
molecular simulation
J. Chem. Theory Comput. 4 (2008) pp. 435-447
-------- -------- --- Thank You --- -------- --------


++++ PLEASE READ AND CITE THE FOLLOWING REFERENCE ++++
D. van der Spoel, E. Lindahl, B. Hess, G. Groenhof, A. E. Mark and H. J. C.
Berendsen
GROMACS: Fast, Flexible and Free
J. Comp. Chem. 26 (2005) pp. 1701-1719
-------- -------- --- Thank You --- -------- --------


++++ PLEASE READ AND CITE THE FOLLOWING REFERENCE ++++
E. Lindahl and B. Hess and D. van der Spoel
GROMACS 3.0: A package for molecular simulation and trajectory analysis
J. Mol. Mod. 7 (2001) pp. 306-317
-------- -------- --- Thank You --- -------- --------


++++ PLEASE READ AND CITE THE FOLLOWING REFERENCE ++++
H. J. C. Berendsen, D. van der Spoel and R. van Drunen
GROMACS: A message-passing parallel molecular dynamics implementation
Comp. Phys. Comm. 91 (1995) pp. 43-56
-------- -------- --- Thank You --- -------- --------


The number of OpenMP threads was set by environment variable OMP_NUM_THREADS to 4 (and the command-line setting agreed with that)

GMX_ENABLE_DIRECT_GPU_COMM environment variable detected, enabling direct GPU communication using GPU-aware MPI.
Input Parameters:
   integrator                     = md
   tinit                          = 0
   dt                             = 0.002
   nsteps                         = 2000
   init-step                      = 0
   simulation-part                = 1
   mts                            = false
   mass-repartition-factor        = 1
   comm-mode                      = Linear
   nstcomm                        = 100
   bd-fric                        = 0
   ld-seed                        = -572785674
   emtol                          = 10
   emstep                         = 0.01
   niter                          = 20
   fcstep                         = 0
   nstcgsteep                     = 1000
   nbfgscorr                      = 10
   rtpi                           = 0.05
   nstxout                        = 0
   nstvout                        = 0
   nstfout                        = 0
   nstlog                         = 0
   nstcalcenergy                  = 100
   nstenergy                      = 0
   nstxout-compressed             = 0
   compressed-x-precision         = 1000
   cutoff-scheme                  = Verlet
   nstlist                        = 10
   pbc                            = xyz
   periodic-molecules             = false
   verlet-buffer-tolerance        = 0.005
   verlet-buffer-pressure-tolerance = 0.5
   rlist                          = 1
   coulombtype                    = PME
   coulomb-modifier               = Potential-shift
   rcoulomb-switch                = 0
   rcoulomb                       = 1
   epsilon-r                      = 1
   epsilon-rf                     = inf
   vdw-type                       = Cut-off
   vdw-modifier                   = Potential-shift
   rvdw-switch                    = 0
   rvdw                           = 1
   DispCorr                       = No
   table-extension                = 1
   fourierspacing                 = 0.125
   fourier-nx                     = 100
   fourier-ny                     = 52
   fourier-nz                     = 52
   pme-order                      = 4
   ewald-rtol                     = 1e-05
   ewald-rtol-lj                  = 0.001
   lj-pme-comb-rule               = Geometric
   ewald-geometry                 = 3d
   epsilon-surface                = 0
   ensemble-temperature-setting   = constant
   ensemble-temperature           = 300
   tcoupl                         = V-rescale
   nsttcouple                     = 10
   nh-chain-length                = 0
   print-nose-hoover-chain-variables = false
   pcoupl                         = No
   refcoord-scaling               = No
   posres-com (3):
      posres-com[0]= 0.00000e+00
      posres-com[1]= 0.00000e+00
      posres-com[2]= 0.00000e+00
   posres-comB (3):
      posres-comB[0]= 0.00000e+00
      posres-comB[1]= 0.00000e+00
      posres-comB[2]= 0.00000e+00
   QMMM                           = false
qm-opts:
   ngQM                           = 0
   constraint-algorithm           = Lincs
   continuation                   = false
   Shake-SOR                      = false
   shake-tol                      = 0.0001
   lincs-order                    = 4
   lincs-iter                     = 1
   lincs-warnangle                = 30
   nwall                          = 0
   wall-type                      = 9-3
   wall-r-linpot                  = -1
   wall-atomtype[0]               = -1
   wall-atomtype[1]               = -1
   wall-density[0]                = 0
   wall-density[1]                = 0
   wall-ewald-zfac                = 3
   pull                           = false
   awh                            = false
   rotation                       = false
   interactiveMD                  = false
   disre                          = No
   disre-weighting                = Conservative
   disre-mixed                    = false
   dr-fc                          = 1000
   dr-tau                         = 0
   nstdisreout                    = 100
   orire-fc                       = 0
   orire-tau                      = 0
   nstorireout                    = 100
   free-energy                    = no
   cos-acceleration               = 0
   deform (3x3):
      deform[    0]={ 0.00000e+00,  0.00000e+00,  0.00000e+00}
      deform[    1]={ 0.00000e+00,  0.00000e+00,  0.00000e+00}
      deform[    2]={ 0.00000e+00,  0.00000e+00,  0.00000e+00}
   simulated-tempering            = false
   swapcoords                     = no
   userint1                       = 0
   userint2                       = 0
   userint3                       = 0
   userint4                       = 0
   userreal1                      = 0
   userreal2                      = 0
   userreal3                      = 0
   userreal4                      = 0
   applied-forces:
     electric-field:
       x:
         E0                       = 0
         omega                    = 0
         t0                       = 0
         sigma                    = 0
       y:
         E0                       = 0
         omega                    = 0
         t0                       = 0
         sigma                    = 0
       z:
         E0                       = 0
         omega                    = 0
         t0                       = 0
         sigma                    = 0
     density-guided-simulation:
       active                     = false
       group                      = protein
       similarity-measure         = inner-product
       atom-spreading-weight      = unity
       force-constant             = 1e+09
       gaussian-transform-spreading-width = 0.2
       gaussian-transform-spreading-range-in-multiples-of-width = 4
       reference-density-filename = reference.mrc
       nst                        = 1
       normalize-densities        = true
       adaptive-force-scaling     = false
       adaptive-force-scaling-time-constant = 4
       shift-vector               = 
       transformation-matrix      = 
     qmmm-cp2k:
       active                     = false
       qmgroup                    = System
       qmmethod                   = PBE
       qmfilenames                = 
       qmcharge                   = 0
       qmmultiplicity             = 1
     colvars:
       active                     = false
       configfile                 = 
       seed                       = -1
grpopts:
   nrdf:       95997
   ref-t:         300
   tau-t:         0.1
annealing:          No
annealing-npoints:           0
   acc:	           0           0           0
   nfreeze:           N           N           N
   energygrp-flags[  0]: 0


The -nsteps functionality is deprecated, and may be removed in a future version. Consider using gmx convert-tpr -nsteps or changing the appropriate .mdp file field.

Overriding nsteps with value passed on the command line: 16000 steps, 32 ps
Changing nstlist from 10 to 300, rlist from 1 to 1.767


Initializing Domain Decomposition on 4 ranks
Dynamic load balancing: off
Using update groups, nr 16000, average size 3.0 atoms, max. radius 0.084 nm
Minimum cell size due to atom displacement: 1.528 nm
Using 1 separate PME ranks, as requested with -npme option
Optimizing the DD grid for 3 cells with a minimum initial size of 1.528 nm
The maximum allowed number of cells is: X 8 Y 4 Z 4
Domain decomposition grid 3 x 1 x 1, separate PME ranks 1
PME domain decomposition: 1 x 1 x 1
Interleaving PP and PME ranks
This rank does only particle-particle work.
Domain decomposition rank 0, coordinates 0 0 0

The initial number of communication pulses is: X 1
The initial domain decomposition cell size is: X 4.15 nm

On host lrdn0019.leonardo.local 4 GPUs selected for this run.
Mapping of GPU IDs to the 4 GPU tasks in the 4 ranks on this node:
  PP:0,PP:1,PP:2,PME:3
PP tasks will do (non-perturbed) short-ranged interactions on the GPU
PP task will update and constrain coordinates on the GPU
PME tasks will do all aspects on the GPU
GPU direct communication will be used between MPI ranks.
Using 4 MPI processes

Non-default thread affinity set, disabling internal thread affinity

Using 4 OpenMP threads per MPI process

System total charge: 0.000
Will do PME sum in reciprocal space for electrostatic interactions.

++++ PLEASE READ AND CITE THE FOLLOWING REFERENCE ++++
U. Essmann, L. Perera, M. L. Berkowitz, T. Darden, H. Lee and L. G. Pedersen 
A smooth particle mesh Ewald method
J. Chem. Phys. 103 (1995) pp. 8577-8592
-------- -------- --- Thank You --- -------- --------

Using a Gaussian width (1/beta) of 0.320163 nm for Ewald
Potential shift: LJ r^-12: -1.000e+00 r^-6: -1.000e+00, Ewald -1.000e-05
Initialized non-bonded Coulomb Ewald tables, spacing: 9.33e-04 size: 1073



Using GPU 8x8 nonbonded short-range kernels

Using a dual 8x8 pair-list setup updated with dynamic, rolling pruning:
  outer list: updated every 300 steps, buffer 0.767 nm, rlist 1.767 nm
  inner list: updated every  10 steps, buffer 0.003 nm, rlist 1.003 nm
At tolerance 0.005 kJ/mol/ps per atom, equivalent classical 1x1 list would be:
  outer list: updated every 300 steps, buffer 0.954 nm, rlist 1.954 nm
  inner list: updated every  10 steps, buffer 0.044 nm, rlist 1.044 nm

The average pressure is off by at most 0.44 bar due to missing LJ interactions

Using Geometric Lennard-Jones combination rule
Removing pbc first time

Linking all bonded interactions to atoms


++++ PLEASE READ AND CITE THE FOLLOWING REFERENCE ++++
S. Miyamoto and P. A. Kollman
SETTLE: An Analytical Version of the SHAKE and RATTLE Algorithms for Rigid
Water Models
J. Comp. Chem. 13 (1992) pp. 952-962
-------- -------- --- Thank You --- -------- --------


The -noconfout functionality is deprecated, and may be removed in a future version.

Intra-simulation communication will occur every 10 steps.

++++ PLEASE READ AND CITE THE FOLLOWING REFERENCE ++++
G. Bussi, D. Donadio and M. Parrinello
Canonical sampling through velocity rescaling
J. Chem. Phys. 126 (2007) pp. 014101
-------- -------- --- Thank You --- -------- --------

There are: 48000 Atoms
Atom distribution over 3 domains: av 16000 stddev 28 min 15960 max 16020

Updating coordinates on the GPU.

Constraining the starting coordinates (step 0)

Constraining the coordinates at t0-dt (step 0)
Center of mass motion removal mode is Linear
We have the following groups for center of mass motion removal:
  0:  rest
RMS relative constraint deviation after constraining: 0.00e+00
Initial temperature: 297.3 K

Started mdrun on rank 0 Sun Jul  6 15:12:19 2025

           Step           Time
              0        0.00000

   Energies (kJ/mol)
        LJ (SR)   Coulomb (SR)   Coul. recip.      Potential    Kinetic En.
    1.47861e+05   -8.96107e+05    3.62017e+03   -7.44626e+05    1.18497e+05
   Total Energy  Conserved En.    Temperature Pressure (bar)
   -6.26129e+05   -6.26129e+05    2.96924e+02   -8.08630e+01


DD  step 299 load imb.: force  0.8%  pme mesh/force 1.000

DD  step 15899 load imb.: force  2.1%  pme mesh/force 1.011
           Step           Time
          16000       32.00000

   Energies (kJ/mol)
        LJ (SR)   Coulomb (SR)   Coul. recip.      Potential    Kinetic En.
    1.47805e+05   -8.92736e+05    3.95971e+03   -7.40971e+05    1.18957e+05
   Total Energy  Conserved En.    Temperature Pressure (bar)
   -6.22014e+05   -6.26158e+05    2.98076e+02    1.21188e+02


Energy conservation over simulation part #1 of length 32 ps, time 0 to 32 ps
  Conserved energy drift: -1.90e-05 kJ/mol/ps per atom


	<======  ###############  ==>
	<====  A V E R A G E S  ====>
	<==  ###############  ======>

	Statistics over 16001 steps using 161 frames

   Energies (kJ/mol)
        LJ (SR)   Coulomb (SR)   Coul. recip.      Potential    Kinetic En.
    1.46717e+05   -8.91520e+05    3.83389e+03   -7.40968e+05    1.19657e+05
   Total Energy  Conserved En.    Temperature Pressure (bar)
   -6.21311e+05   -6.26162e+05    2.99831e+02    1.89680e+01

   Total Virial (kJ/mol)
    3.97075e+04   -5.02428e+01   -1.20104e+02
   -5.02467e+01    3.92692e+04    1.78155e+02
   -1.20110e+02    1.78158e+02    3.98520e+04

   Pressure (bar)
    1.19174e+01    2.59433e+00    6.78667e+00
    2.59460e+00    4.41467e+01   -9.12295e+00
    6.78708e+00   -9.12314e+00    8.39902e-01


	M E G A - F L O P S   A C C O U N T I N G

 NB=Group-cutoff nonbonded kernels    NxN=N-by-N cluster Verlet kernels
 RF=Reaction-Field  VdW=Van der Waals  QSTab=quadratic-spline table
 W3=SPC/TIP3p  W4=TIP4p (single or pairs)
 V&F=Potential and force  V=Potential only  F=Force only

 Computing:                               M-Number         M-Flops  % Flops
-----------------------------------------------------------------------------
 Pair Search distance check             469.925232        4229.327     0.0
 NxN QSTab Elec. + LJ [F]           1853912.282112    76010403.567    98.5
 NxN QSTab Elec. + LJ [V&F]           18843.574272     1111770.882     1.4
 Reset In Box                             2.592000           7.776     0.0
 CG-CoM                                   2.640000           7.920     0.0
 Virial                                   7.749735         139.495     0.0
 Stop-CM                                  7.776000          77.760     0.0
 Calc-Ekin                              153.696000        4149.792     0.0
 Constraint-V                             0.048000           0.432     0.0
 Settle                                   0.032000          11.840     0.0
-----------------------------------------------------------------------------
 Total                                                77130798.791   100.0
-----------------------------------------------------------------------------


    D O M A I N   D E C O M P O S I T I O N   S T A T I S T I C S

 av. #atoms communicated per step for force:  2 x 21378.0


Dynamic load balancing report:
 DLB was off during the run per user request.
 Average load imbalance: 2.1%.
 The balanceable part of the MD step is 45%, load imbalance is computed from this.
 Part of the total run time spent waiting due to load imbalance: 0.9%.
 Average PME mesh/force load: 1.002
 Part of the total run time spent waiting due to PP/PME imbalance: 0.0 %


      R E A L   C Y C L E   A N D   T I M E   A C C O U N T I N G

On 3 MPI ranks doing PP, each using 4 OpenMP threads, and
on 1 MPI rank doing PME, using 4 OpenMP threads

 Activity:              Num   Num      Call    Wall time         Giga-Cycles
                        Ranks Threads  Count      (s)         total sum    %
--------------------------------------------------------------------------------
 Domain decomp.            3    4        108       0.162          5.039   3.4
 DD comm. load             3    4         53       0.000          0.012   0.0
 Send X to PME             3    4      16001       0.188          5.851   4.0
 Neighbor search           3    4         54       0.401         12.501   8.5
 Launch PP GPU ops.        3    4      63896       0.392         12.219   8.3
 Comm. coord.              3    4      15947       0.354         11.044   7.5
 Force                     3    4      16001       0.013          0.401   0.3
 Wait + Comm. F            3    4      16001       0.693         21.625  14.7
 PME GPU mesh *            1    4      16001       0.782          8.126   5.5
 PME wait for PP *                                 2.716         28.235  19.2
 Wait + Recv. PME F        3    4      16001       0.861         26.845  18.3
 Wait GPU NB nonloc.       3    4      16001       0.003          0.093   0.1
 Wait GPU NB local         3    4      16001       0.002          0.063   0.0
 Wait GPU state copy       3    4       3789       0.089          2.790   1.9
 NB X/F buffer ops.        3    4        322       0.011          0.335   0.2
 Constraints               3    4          2       0.000          0.011   0.0
 Comm. energies            3    4       1601       0.011          0.356   0.2
 Rest                                              0.348         10.849   7.4
--------------------------------------------------------------------------------
 Total                                             3.528        146.710 100.0
--------------------------------------------------------------------------------
(*) Note that with separate PME ranks, the walltime column actually sums to
    twice the total reported, but the cycle count total and % are correct.
--------------------------------------------------------------------------------
 Breakdown of PME mesh activities
--------------------------------------------------------------------------------
 Wait PME GPU gather       1    4      16001       0.014          0.143   0.1
 Launch PME GPU ops.       1    4     176012       0.447          4.651   3.2
 Wait PME Recv. PP X       1    4      48003       0.353          3.673   2.5
--------------------------------------------------------------------------------

               Core t (s)   Wall t (s)        (%)
       Time:       56.425        3.528     1599.3
                 (ns/day)    (hour/ns)
Performance:      783.708        0.031
Finished mdrun on rank 0 Sun Jul  6 15:12:23 2025

